<?xml version="1.0" encoding="UTF-8"?>
<testsuite xmlns:xsi="http://www.w3.org/2001/XMLSchema-instance" xsi:noNamespaceSchemaLocation="https://maven.apache.org/surefire/maven-surefire-plugin/xsd/surefire-test-report-3.0.xsd" version="3.0" name="com.sebastian.AA1_EV01.Aa1Ev01ApplicationTests" time="11.26" tests="1" errors="0" skipped="0" failures="0">
  <properties>
[...]
</properties>
  <testcase name="contextLoads" classname="com.sebastian.AA1_EV01.Aa1Ev01ApplicationTests" time="0.522">
    <system-out><![CDATA[12:50:01.240 [main] INFO org.springframework.test.context.support.AnnotationConfigContextLoaderUtils -- Could not detect default configuration classes for test class [com.sebastian.AA1_EV01.Aa1Ev01ApplicationTests]: Aa1Ev01ApplicationTests does not declare any static, non-private, non-final, nested classes annotated with @Configuration.
12:50:01.359 [main] INFO org.springframework.boot.test.context.SpringBootTestContextBootstrapper -- Found @SpringBootConfiguration com.sebastian.AA1_EV01.Aa1Ev01Application for test class com.sebastian.AA1_EV01.Aa1Ev01ApplicationTests
12:50:01.547 [main] INFO org.springframework.boot.devtools.restart.RestartApplicationListener -- Restart disabled due to context in which it is running

  .   ____          _            __ _ _
 /\\ / ___'_ __ _ _(_)_ __  __ _ \ \ \ \
( ( )\___ | '_ | '_| | '_ \/ _` | \ \ \ \
 \\/  ___)| |_)| | | | | || (_| |  ) ) ) )
  '  |____| .__|_| |_|_| |_\__, | / / / /
 =========|_|==============|___/=/_/_/_/

 :: Spring Boot ::                (v3.3.2)

2025-01-08T12:50:01.861-05:00  INFO 15428 --- [AA1-EV01] [           main] c.s.AA1_EV01.Aa1Ev01ApplicationTests     : Starting Aa1Ev01ApplicationTests using Java 23 with PID 15428 (started by SEBASTIAN in C:\Users\SEBASTIAN\IdeaProjects\King-Barber-Shop)
2025-01-08T12:50:01.863-05:00  INFO 15428 --- [AA1-EV01] [           main] c.s.AA1_EV01.Aa1Ev01ApplicationTests     : No active profile set, falling back to 1 default profile: "default"
2025-01-08T12:50:02.720-05:00  INFO 15428 --- [AA1-EV01] [           main] .s.d.r.c.RepositoryConfigurationDelegate : Bootstrapping Spring Data JPA repositories in DEFAULT mode.
2025-01-08T12:50:02.799-05:00  INFO 15428 --- [AA1-EV01] [           main] .s.d.r.c.RepositoryConfigurationDelegate : Finished Spring Data repository scanning in 71 ms. Found 7 JPA repository interfaces.
2025-01-08T12:50:03.356-05:00  INFO 15428 --- [AA1-EV01] [           main] o.hibernate.jpa.internal.util.LogHelper  : HHH000204: Processing PersistenceUnitInfo [name: default]
2025-01-08T12:50:03.431-05:00  INFO 15428 --- [AA1-EV01] [           main] org.hibernate.Version                    : HHH000412: Hibernate ORM core version 6.5.2.Final
2025-01-08T12:50:03.475-05:00  INFO 15428 --- [AA1-EV01] [           main] o.h.c.internal.RegionFactoryInitiator    : HHH000026: Second-level cache disabled
2025-01-08T12:50:03.870-05:00  INFO 15428 --- [AA1-EV01] [           main] o.s.o.j.p.SpringPersistenceUnitInfo      : No LoadTimeWeaver setup: ignoring JPA class transformer
2025-01-08T12:50:03.902-05:00  INFO 15428 --- [AA1-EV01] [           main] com.zaxxer.hikari.HikariDataSource       : HikariPool-1 - Starting...
2025-01-08T12:50:05.287-05:00  INFO 15428 --- [AA1-EV01] [           main] com.zaxxer.hikari.pool.HikariPool        : HikariPool-1 - Added connection org.postgresql.jdbc.PgConnection@6233c6c2
2025-01-08T12:50:05.289-05:00  INFO 15428 --- [AA1-EV01] [           main] com.zaxxer.hikari.HikariDataSource       : HikariPool-1 - Start completed.
2025-01-08T12:50:06.709-05:00  INFO 15428 --- [AA1-EV01] [           main] o.h.e.t.j.p.i.JtaPlatformInitiator       : HHH000489: No JTA platform available (set 'hibernate.transaction.jta.platform' to enable JTA platform integration)
Hibernate: alter table if exists servicio alter column descripcion set data type TEXT
2025-01-08T12:50:09.859-05:00  INFO 15428 --- [AA1-EV01] [           main] j.LocalContainerEntityManagerFactoryBean : Initialized JPA EntityManagerFactory for persistence unit 'default'
2025-01-08T12:50:10.271-05:00  INFO 15428 --- [AA1-EV01] [           main] o.s.d.j.r.query.QueryEnhancerFactory     : Hibernate is in classpath; If applicable, HQL parser will be used.
2025-01-08T12:50:11.004-05:00  WARN 15428 --- [AA1-EV01] [           main] JpaBaseConfiguration$JpaWebConfiguration : spring.jpa.open-in-view is enabled by default. Therefore, database queries may be performed during view rendering. Explicitly configure spring.jpa.open-in-view to disable this warning
2025-01-08T12:50:11.032-05:00  INFO 15428 --- [AA1-EV01] [           main] r$InitializeUserDetailsManagerConfigurer : Global AuthenticationManager configured with UserDetailsService bean with name appUserService
2025-01-08T12:50:11.776-05:00  INFO 15428 --- [AA1-EV01] [           main] c.s.AA1_EV01.Aa1Ev01ApplicationTests     : Started Aa1Ev01ApplicationTests in 10.243 seconds (process running for 11.288)
]]></system-out>
    <system-err><![CDATA[WARNING: A Java agent has been loaded dynamically (C:\Users\SEBASTIAN\.m2\repository\net\bytebuddy\byte-buddy-agent\1.14.18\byte-buddy-agent-1.14.18.jar)
WARNING: If a serviceability tool is in use, please run with -XX:+EnableDynamicAgentLoading to hide this warning
WARNING: If a serviceability tool is not in use, please run with -Djdk.instrument.traceUsage for more information
WARNING: Dynamic loading of agents will be disallowed by default in a future release
]]></system-err>
  </testcase>
</testsuite>